<?xml version="1.0" encoding="UTF-8"?>
<!-- Generated by org.testng.reporters.JUnitXMLReporter -->
<testsuite ignored="0" hostname="VijithaVasudev" failures="0" tests="3" name="Submit Order Test" time="35.836" errors="0" timestamp="2024-06-14T08:59:04 IST">
  <testcase classname="SeleniumFrameworkDesign.SubmitOrderPage" name="submitOrder" time="12.21"/>
  <testcase classname="SeleniumFrameworkDesign.SubmitOrderPage" name="submitOrder" time="16.398"/>
  <testcase classname="SeleniumFrameworkDesign.SubmitOrderPage" name="OrderHistoryTest" time="0.841"/>
</testsuite> <!-- Submit Order Test -->
