<?xml version="1.0" encoding="UTF-8"?>
<!-- Generated by org.testng.reporters.JUnitXMLReporter -->
<testsuite ignored="0" hostname="VijithaVasudev" failures="0" tests="3" name="Submit Order Test" time="41.782" errors="0" timestamp="2024-06-15T19:13:08 IST">
  <testcase classname="SeleniumFrameworkDesign.SubmitOrderPage" name="submitOrder" time="17.495"/>
  <testcase classname="SeleniumFrameworkDesign.SubmitOrderPage" name="submitOrder" time="16.377"/>
  <testcase classname="SeleniumFrameworkDesign.SubmitOrderPage" name="OrderHistoryTest" time="0.904"/>
</testsuite> <!-- Submit Order Test -->
